<?xml version="1.0" encoding="UTF-8"?>
<testsuite xmlns:xsi="http://www.w3.org/2001/XMLSchema-instance" xsi:noNamespaceSchemaLocation="https://maven.apache.org/surefire/maven-surefire-plugin/xsd/surefire-test-report.xsd" name="TestSuite" time="17.796" tests="1" errors="0" skipped="0" failures="1">
  <properties>
[...]
</properties>
  <testcase name="checkIsRedirectToListing" classname="tests.searchapartment.SearchApartmentTest" time="10.573">
    <failure message="expected [20] but found [0]" type="java.lang.AssertionError">java.lang.AssertionError: expected [20] but found [0]
	at tests.searchapartment.SearchApartmentTest.checkIsRedirectToListing(SearchApartmentTest.java:20)
</failure>
    <system-err><![CDATA[SLF4J: Failed to load class "org.slf4j.impl.StaticLoggerBinder".
SLF4J: Defaulting to no-operation (NOP) logger implementation
SLF4J: See http://www.slf4j.org/codes.html#StaticLoggerBinder for further details.
Starting ChromeDriver 95.0.4638.17 (a9d0719444d4b035e284ed1fce73bf6ccd789df2-refs/branch-heads/4638@{#178}) on port 23219
Only local connections are allowed.
Please see https://chromedriver.chromium.org/security-considerations for suggestions on keeping ChromeDriver safe.
ChromeDriver was started successfully.
нояб. 04, 2021 7:12:50 AM org.openqa.selenium.remote.ProtocolHandshake createSession
INFO: Detected dialect: W3C
]]></system-err>
  </testcase>
</testsuite>