-------------------------------------------------------------------------------
Test set: TestSuite
-------------------------------------------------------------------------------
Tests run: 1, Failures: 1, Errors: 0, Skipped: 0, Time elapsed: 17.796 s <<< FAILURE! - in TestSuite
checkIsRedirectToListing(tests.searchapartment.SearchApartmentTest)  Time elapsed: 10.573 s  <<< FAILURE!
java.lang.AssertionError: expected [20] but found [0]
	at tests.searchapartment.SearchApartmentTest.checkIsRedirectToListing(SearchApartmentTest.java:20)

